[debug] [2022-11-05T23:13:59.073Z] ----------------------------------------------------------------------
[debug] [2022-11-05T23:13:59.076Z] Command:       C:\Program Files\nodejs\node.exe C:\Users\USER\AppData\Roaming\npm\node_modules\firebase-tools\lib\bin\firebase.js deploy
[debug] [2022-11-05T23:13:59.076Z] CLI Version:   11.16.0
[debug] [2022-11-05T23:13:59.076Z] Platform:      win32
[debug] [2022-11-05T23:13:59.077Z] Node Version:  v16.17.0
[debug] [2022-11-05T23:13:59.077Z] Time:          Sun Nov 06 2022 00:13:59 GMT+0100 (West Africa Standard Time)
[debug] [2022-11-05T23:13:59.078Z] ----------------------------------------------------------------------
[debug] 
[debug] [2022-11-05T23:13:59.181Z] > command requires scopes: ["email","openid","https://www.googleapis.com/auth/cloudplatformprojects.readonly","https://www.googleapis.com/auth/firebase","https://www.googleapis.com/auth/cloud-platform"]
[debug] [2022-11-05T23:13:59.182Z] > authorizing via signed-in user (nnamdiakurunwa@gmail.com)
[debug] [2022-11-05T23:13:59.182Z] [iam] checking project altschool-2nd-semester-exam for permissions ["firebase.projects.get","firebasehosting.sites.update"]
[debug] [2022-11-05T23:13:59.185Z] >>> [apiv2][query] POST https://cloudresourcemanager.googleapis.com/v1/projects/altschool-2nd-semester-exam:testIamPermissions [none]
[debug] [2022-11-05T23:13:59.186Z] >>> [apiv2][(partial)header] POST https://cloudresourcemanager.googleapis.com/v1/projects/altschool-2nd-semester-exam:testIamPermissions x-goog-quota-user=projects/altschool-2nd-semester-exam
[debug] [2022-11-05T23:13:59.186Z] >>> [apiv2][body] POST https://cloudresourcemanager.googleapis.com/v1/projects/altschool-2nd-semester-exam:testIamPermissions {"permissions":["firebase.projects.get","firebasehosting.sites.update"]}
[debug] [2022-11-05T23:14:06.261Z] <<< [apiv2][status] POST https://cloudresourcemanager.googleapis.com/v1/projects/altschool-2nd-semester-exam:testIamPermissions 200
[debug] [2022-11-05T23:14:06.262Z] <<< [apiv2][body] POST https://cloudresourcemanager.googleapis.com/v1/projects/altschool-2nd-semester-exam:testIamPermissions {"permissions":["firebase.projects.get","firebasehosting.sites.update"]}
[debug] [2022-11-05T23:14:06.263Z] >>> [apiv2][query] GET https://firebase.googleapis.com/v1beta1/projects/altschool-2nd-semester-exam [none]
[debug] [2022-11-05T23:14:14.433Z] <<< [apiv2][status] GET https://firebase.googleapis.com/v1beta1/projects/altschool-2nd-semester-exam 200
[debug] [2022-11-05T23:14:14.434Z] <<< [apiv2][body] GET https://firebase.googleapis.com/v1beta1/projects/altschool-2nd-semester-exam {"projectId":"altschool-2nd-semester-exam","projectNumber":"925451727260","displayName":"AltSchool-2nd-Semester-Exam","name":"projects/altschool-2nd-semester-exam","resources":{"hostingSite":"altschool-2nd-semester-exam"},"state":"ACTIVE","etag":"1_7e027dbb-980a-4332-a2ab-1ae98e7d2813"}
[info] 
[info] === Deploying to 'altschool-2nd-semester-exam'...
[info] 
[info] i  deploying hosting 
[debug] [2022-11-05T23:14:14.456Z] >>> [apiv2][query] POST https://firebasehosting.googleapis.com/v1beta1/projects/-/sites/altschool-2nd-semester-exam/versions [none]
[debug] [2022-11-05T23:14:14.456Z] >>> [apiv2][body] POST https://firebasehosting.googleapis.com/v1beta1/projects/-/sites/altschool-2nd-semester-exam/versions {"status":"CREATED","labels":{"deployment-tool":"cli-firebase"}}
[debug] [2022-11-05T23:14:17.711Z] <<< [apiv2][status] POST https://firebasehosting.googleapis.com/v1beta1/projects/-/sites/altschool-2nd-semester-exam/versions 200
[debug] [2022-11-05T23:14:17.712Z] <<< [apiv2][body] POST https://firebasehosting.googleapis.com/v1beta1/projects/-/sites/altschool-2nd-semester-exam/versions {"name":"projects/925451727260/sites/altschool-2nd-semester-exam/versions/3780300cb2f0a79e","status":"CREATED","config":{},"labels":{"deployment-tool":"cli-firebase"}}
[info] i  hosting[altschool-2nd-semester-exam]: beginning deploy... 
[info] i  hosting[altschool-2nd-semester-exam]: found 32 files in build 
[debug] [2022-11-05T23:14:17.760Z] [hosting] uploading with 200 concurrency
[debug] [2022-11-05T23:14:17.774Z] [hosting] hash cache [YnVpbGQ] stored for 32 files
[debug] [2022-11-05T23:14:17.775Z] [hosting][hash queue][FINAL] {"max":6,"min":1,"avg":1,"active":0,"complete":32,"success":32,"errored":0,"retried":0,"total":32,"elapsed":9}
[debug] [2022-11-05T23:14:17.776Z] >>> [apiv2][query] POST https://firebasehosting.googleapis.com/v1beta1/projects/925451727260/sites/altschool-2nd-semester-exam/versions/3780300cb2f0a79e:populateFiles [none]
[debug] [2022-11-05T23:14:17.776Z] >>> [apiv2][body] POST https://firebasehosting.googleapis.com/v1beta1/projects/925451727260/sites/altschool-2nd-semester-exam/versions/3780300cb2f0a79e:populateFiles {"files":{"/asset-manifest.json":"29dc495af54ec0407a82146b59b44bcf375a29fb61e15c4e46f8c9dbe74f82bb","/cyrax.jfif":"d8ce1e24b0da7c6c93b568157db8c2f12e9bac3a66cb3ecf726407a01d973b85","/favicon.ico":"eae62e993eb980ec8a25058c39d5a51feab118bd2100c4deebb2a9c158ec11f9","/index.html":"d29bf4b1b58fae22e51782caeb54597ba65129edd23ced18c934b66153ab76d5","/jax.png":"09ec333577dbf39cf6481db54c0b4d059cd8433df4d17a8e4c48d6021189fa5d","/jcage.jfif":"a5d55009d17584ad120583b7c931815f5306049a958393fcc759904dc1518427","/kahn.jfif":"cfc3fbcc58b1108d0fb755278b8a6c19af64f17987b13107fc2c11385c65f7a2","/logo192.png":"3ee59515172ee198f3be375979df15ac5345183e656720a381b8872b2a39dc8b","/logo512.png":"ee7e2f3fdb8209c4b6fd7bef6ba50d1b9dba30a25bb5c3126df057e1cb6f5331","/luikang.png":"751856bb30eb7ba9433ca3fb2504e63bf91575427e2555c1c2aba8494659ec96","/manifest.json":"aff3449bdc238776f5d6d967f19ec491b36aed5fb7f23ccff6500736fd58494a","/mk.png":"0f40d89bf4e9b07d4a1cb92dc0e131affb1c05d52f4c3e63f4a00105a811b121","/mk4.png":"1d3ecd6cf893e12ad7ba71675b9633ebbca22400483644bc125bd23d80e3d864","/mkall.png":"7adb6e28cd238f1536f6f78d55de3523c9fa49d81eb36ed9f6a920d082e6bd2d","/Mortal_Kombat_Logo.png.png":"bb6326f53a256a563b33104f6c064a1aa1f4f876ead8de01df903ddf7523cf44","/Mortal_Kombat_Logo.png1.jfif":"45c760ccbe40419f34ad3245bced1743e8e11da00db244db78e33dfa120e9b4f","/motaro.jfif":"df4812aa6a2c983357a2b067df61f95774235b203942d2b521e7e36efa14557a","/rayden.jfif":"178e7099d565e9f28f46c6aafa447c2a023fbfff6f28b33125fb88617cf43cd5","/robots.txt":"bfe106a3fb878dc83461c86818bf74fc1bdc7f28538ba613cd3e775516ce8b49","/scorpion.jfif":"10c9be216277d5d5e66e46ce68f6e9fd3ca76e858fd0721b2ed63a53aa5e3d1e","/sindel.jfif":"a93503487f1c95d6830f2d1963cd28999a681c3da6727d218c736800d9621e77","/smoke.png":"dda36480b05f0f40fcb55b3f873ec6fdb246aa18ae3e7a9f356b62378a72c5f7","/sonya.jfif":"a268dde2b067981e47917a92d62288d0a3aa1ca1a0837f5295b5ae31f440dd11","/subzero.png":"31eb61d4228be455761236578a59abe86497d8c9872beae603da54460e54e95c","/static/css/main.a4e7650c.css":"2c2affc0a2b3e2c1b1304525cfc609c8e4f9e3a092d96c3eda4fe0b618b7fbfb","/static/css/main.a4e7650c.css.map":"c51e87bd16e98cb3a05c4419d3eb04e7417c7316c8f1e3110123c9f477e41594","/static/js/787.430107bc.chunk.js":"9b71b6eabefccda4d62a364615a273105a99bd0bd8eaab35f1cfb7e328c7af84","/static/js/787.430107bc.chunk.js.map":"293ef1b68c1d102ef6fa69b4a32ed4502e02f5374e3ec16905e85822a0f81898","/static/js/main.a7940219.js":"2165d996da65a278f9d7e99c0a18d933a70bf882ecf475993bd7a0b65d1d2b7f","/static/js/main.a7940219.js.LICENSE.txt":"32bd13b10f3b5ecacd1d472cbd496f293e0d7953bd18642eaddf2f99e810bd3d","/static/js/main.a7940219.js.map":"06211ebb3cc3042a4fc4e82301115e385cb110d379d2180eba2174081c368e76","/static/media/white.8d055fbab897987a504c.jpg":"1873a106a77192f71fcc4976c6ed267f6298208cabb51deaf43735e318541002"}}
[debug] [2022-11-05T23:14:24.100Z] <<< [apiv2][status] POST https://firebasehosting.googleapis.com/v1beta1/projects/925451727260/sites/altschool-2nd-semester-exam/versions/3780300cb2f0a79e:populateFiles 200
[debug] [2022-11-05T23:14:24.100Z] <<< [apiv2][body] POST https://firebasehosting.googleapis.com/v1beta1/projects/925451727260/sites/altschool-2nd-semester-exam/versions/3780300cb2f0a79e:populateFiles {"uploadRequiredHashes":["0f40d89bf4e9b07d4a1cb92dc0e131affb1c05d52f4c3e63f4a00105a811b121","7adb6e28cd238f1536f6f78d55de3523c9fa49d81eb36ed9f6a920d082e6bd2d","751856bb30eb7ba9433ca3fb2504e63bf91575427e2555c1c2aba8494659ec96","1d3ecd6cf893e12ad7ba71675b9633ebbca22400483644bc125bd23d80e3d864"],"uploadUrl":"https://upload-firebasehosting.googleapis.com/upload/sites/altschool-2nd-semester-exam/versions/3780300cb2f0a79e/files"}
[debug] [2022-11-05T23:14:24.103Z] >>> [apiv2][query] POST https://upload-firebasehosting.googleapis.com/upload/sites/altschool-2nd-semester-exam/versions/3780300cb2f0a79e/files/0f40d89bf4e9b07d4a1cb92dc0e131affb1c05d52f4c3e63f4a00105a811b121 [none]
[debug] [2022-11-05T23:14:24.104Z] >>> [apiv2][body] POST https://upload-firebasehosting.googleapis.com/upload/sites/altschool-2nd-semester-exam/versions/3780300cb2f0a79e/files/0f40d89bf4e9b07d4a1cb92dc0e131affb1c05d52f4c3e63f4a00105a811b121 [stream]
[debug] [2022-11-05T23:14:24.106Z] >>> [apiv2][query] POST https://upload-firebasehosting.googleapis.com/upload/sites/altschool-2nd-semester-exam/versions/3780300cb2f0a79e/files/7adb6e28cd238f1536f6f78d55de3523c9fa49d81eb36ed9f6a920d082e6bd2d [none]
[debug] [2022-11-05T23:14:24.106Z] >>> [apiv2][body] POST https://upload-firebasehosting.googleapis.com/upload/sites/altschool-2nd-semester-exam/versions/3780300cb2f0a79e/files/7adb6e28cd238f1536f6f78d55de3523c9fa49d81eb36ed9f6a920d082e6bd2d [stream]
[debug] [2022-11-05T23:14:24.108Z] >>> [apiv2][query] POST https://upload-firebasehosting.googleapis.com/upload/sites/altschool-2nd-semester-exam/versions/3780300cb2f0a79e/files/751856bb30eb7ba9433ca3fb2504e63bf91575427e2555c1c2aba8494659ec96 [none]
[debug] [2022-11-05T23:14:24.108Z] >>> [apiv2][body] POST https://upload-firebasehosting.googleapis.com/upload/sites/altschool-2nd-semester-exam/versions/3780300cb2f0a79e/files/751856bb30eb7ba9433ca3fb2504e63bf91575427e2555c1c2aba8494659ec96 [stream]
[debug] [2022-11-05T23:14:24.110Z] >>> [apiv2][query] POST https://upload-firebasehosting.googleapis.com/upload/sites/altschool-2nd-semester-exam/versions/3780300cb2f0a79e/files/1d3ecd6cf893e12ad7ba71675b9633ebbca22400483644bc125bd23d80e3d864 [none]
[debug] [2022-11-05T23:14:24.110Z] >>> [apiv2][body] POST https://upload-firebasehosting.googleapis.com/upload/sites/altschool-2nd-semester-exam/versions/3780300cb2f0a79e/files/1d3ecd6cf893e12ad7ba71675b9633ebbca22400483644bc125bd23d80e3d864 [stream]
[debug] [2022-11-05T23:14:24.112Z] [hosting][populate queue][FINAL] {"max":6331,"min":6331,"avg":6331,"active":0,"complete":1,"success":1,"errored":0,"retried":0,"total":1,"elapsed":6340}
[debug] [2022-11-05T23:14:24.112Z] [hosting] uploads queued: 4
[debug] [2022-11-05T23:14:45.522Z] [uploadQueue] Retrying task 0f40d89bf4e9b07d4a1cb92dc0e131affb1c05d52f4c3e63f4a00105a811b121
[debug] [2022-11-05T23:14:45.523Z] >>> [apiv2][query] POST https://upload-firebasehosting.googleapis.com/upload/sites/altschool-2nd-semester-exam/versions/3780300cb2f0a79e/files/0f40d89bf4e9b07d4a1cb92dc0e131affb1c05d52f4c3e63f4a00105a811b121 [none]
[debug] [2022-11-05T23:14:45.523Z] >>> [apiv2][body] POST https://upload-firebasehosting.googleapis.com/upload/sites/altschool-2nd-semester-exam/versions/3780300cb2f0a79e/files/0f40d89bf4e9b07d4a1cb92dc0e131affb1c05d52f4c3e63f4a00105a811b121 [stream]
[debug] [2022-11-05T23:14:45.526Z] [uploadQueue] Retrying task 7adb6e28cd238f1536f6f78d55de3523c9fa49d81eb36ed9f6a920d082e6bd2d
[debug] [2022-11-05T23:14:45.527Z] >>> [apiv2][query] POST https://upload-firebasehosting.googleapis.com/upload/sites/altschool-2nd-semester-exam/versions/3780300cb2f0a79e/files/7adb6e28cd238f1536f6f78d55de3523c9fa49d81eb36ed9f6a920d082e6bd2d [none]
[debug] [2022-11-05T23:14:45.527Z] >>> [apiv2][body] POST https://upload-firebasehosting.googleapis.com/upload/sites/altschool-2nd-semester-exam/versions/3780300cb2f0a79e/files/7adb6e28cd238f1536f6f78d55de3523c9fa49d81eb36ed9f6a920d082e6bd2d [stream]
[debug] [2022-11-05T23:14:51.143Z] [uploadQueue] Retrying task 1d3ecd6cf893e12ad7ba71675b9633ebbca22400483644bc125bd23d80e3d864
[debug] [2022-11-05T23:14:51.145Z] >>> [apiv2][query] POST https://upload-firebasehosting.googleapis.com/upload/sites/altschool-2nd-semester-exam/versions/3780300cb2f0a79e/files/1d3ecd6cf893e12ad7ba71675b9633ebbca22400483644bc125bd23d80e3d864 [none]
[debug] [2022-11-05T23:14:51.146Z] >>> [apiv2][body] POST https://upload-firebasehosting.googleapis.com/upload/sites/altschool-2nd-semester-exam/versions/3780300cb2f0a79e/files/1d3ecd6cf893e12ad7ba71675b9633ebbca22400483644bc125bd23d80e3d864 [stream]
[debug] [2022-11-05T23:14:51.150Z] [uploadQueue] Retrying task 751856bb30eb7ba9433ca3fb2504e63bf91575427e2555c1c2aba8494659ec96
[debug] [2022-11-05T23:14:51.152Z] >>> [apiv2][query] POST https://upload-firebasehosting.googleapis.com/upload/sites/altschool-2nd-semester-exam/versions/3780300cb2f0a79e/files/751856bb30eb7ba9433ca3fb2504e63bf91575427e2555c1c2aba8494659ec96 [none]
[debug] [2022-11-05T23:14:51.153Z] >>> [apiv2][body] POST https://upload-firebasehosting.googleapis.com/upload/sites/altschool-2nd-semester-exam/versions/3780300cb2f0a79e/files/751856bb30eb7ba9433ca3fb2504e63bf91575427e2555c1c2aba8494659ec96 [stream]
[debug] [2022-11-05T23:15:18.366Z] [uploadQueue] Retrying task 1d3ecd6cf893e12ad7ba71675b9633ebbca22400483644bc125bd23d80e3d864
[debug] [2022-11-05T23:15:18.367Z] >>> [apiv2][query] POST https://upload-firebasehosting.googleapis.com/upload/sites/altschool-2nd-semester-exam/versions/3780300cb2f0a79e/files/1d3ecd6cf893e12ad7ba71675b9633ebbca22400483644bc125bd23d80e3d864 [none]
[debug] [2022-11-05T23:15:18.368Z] >>> [apiv2][body] POST https://upload-firebasehosting.googleapis.com/upload/sites/altschool-2nd-semester-exam/versions/3780300cb2f0a79e/files/1d3ecd6cf893e12ad7ba71675b9633ebbca22400483644bc125bd23d80e3d864 [stream]
[debug] [2022-11-05T23:15:19.008Z] [uploadQueue] Retrying task 7adb6e28cd238f1536f6f78d55de3523c9fa49d81eb36ed9f6a920d082e6bd2d
[debug] [2022-11-05T23:15:19.009Z] >>> [apiv2][query] POST https://upload-firebasehosting.googleapis.com/upload/sites/altschool-2nd-semester-exam/versions/3780300cb2f0a79e/files/7adb6e28cd238f1536f6f78d55de3523c9fa49d81eb36ed9f6a920d082e6bd2d [none]
[debug] [2022-11-05T23:15:19.010Z] >>> [apiv2][body] POST https://upload-firebasehosting.googleapis.com/upload/sites/altschool-2nd-semester-exam/versions/3780300cb2f0a79e/files/7adb6e28cd238f1536f6f78d55de3523c9fa49d81eb36ed9f6a920d082e6bd2d [stream]
[debug] [2022-11-05T23:15:21.284Z] [uploadQueue] Retrying task 0f40d89bf4e9b07d4a1cb92dc0e131affb1c05d52f4c3e63f4a00105a811b121
[debug] [2022-11-05T23:15:21.285Z] >>> [apiv2][query] POST https://upload-firebasehosting.googleapis.com/upload/sites/altschool-2nd-semester-exam/versions/3780300cb2f0a79e/files/0f40d89bf4e9b07d4a1cb92dc0e131affb1c05d52f4c3e63f4a00105a811b121 [none]
[debug] [2022-11-05T23:15:21.285Z] >>> [apiv2][body] POST https://upload-firebasehosting.googleapis.com/upload/sites/altschool-2nd-semester-exam/versions/3780300cb2f0a79e/files/0f40d89bf4e9b07d4a1cb92dc0e131affb1c05d52f4c3e63f4a00105a811b121 [stream]
[debug] [2022-11-05T23:15:35.113Z] [uploadQueue] Retrying task 751856bb30eb7ba9433ca3fb2504e63bf91575427e2555c1c2aba8494659ec96
[debug] [2022-11-05T23:15:35.115Z] >>> [apiv2][query] POST https://upload-firebasehosting.googleapis.com/upload/sites/altschool-2nd-semester-exam/versions/3780300cb2f0a79e/files/751856bb30eb7ba9433ca3fb2504e63bf91575427e2555c1c2aba8494659ec96 [none]
[debug] [2022-11-05T23:15:35.115Z] >>> [apiv2][body] POST https://upload-firebasehosting.googleapis.com/upload/sites/altschool-2nd-semester-exam/versions/3780300cb2f0a79e/files/751856bb30eb7ba9433ca3fb2504e63bf91575427e2555c1c2aba8494659ec96 [stream]
[debug] [2022-11-05T23:15:49.969Z] [uploadQueue] Retrying task 1d3ecd6cf893e12ad7ba71675b9633ebbca22400483644bc125bd23d80e3d864
[debug] [2022-11-05T23:15:49.971Z] >>> [apiv2][query] POST https://upload-firebasehosting.googleapis.com/upload/sites/altschool-2nd-semester-exam/versions/3780300cb2f0a79e/files/1d3ecd6cf893e12ad7ba71675b9633ebbca22400483644bc125bd23d80e3d864 [none]
[debug] [2022-11-05T23:15:49.972Z] >>> [apiv2][body] POST https://upload-firebasehosting.googleapis.com/upload/sites/altschool-2nd-semester-exam/versions/3780300cb2f0a79e/files/1d3ecd6cf893e12ad7ba71675b9633ebbca22400483644bc125bd23d80e3d864 [stream]
[debug] [2022-11-05T23:15:53.292Z] [uploadQueue] Retrying task 7adb6e28cd238f1536f6f78d55de3523c9fa49d81eb36ed9f6a920d082e6bd2d
[debug] [2022-11-05T23:15:53.294Z] >>> [apiv2][query] POST https://upload-firebasehosting.googleapis.com/upload/sites/altschool-2nd-semester-exam/versions/3780300cb2f0a79e/files/7adb6e28cd238f1536f6f78d55de3523c9fa49d81eb36ed9f6a920d082e6bd2d [none]
[debug] [2022-11-05T23:15:53.295Z] >>> [apiv2][body] POST https://upload-firebasehosting.googleapis.com/upload/sites/altschool-2nd-semester-exam/versions/3780300cb2f0a79e/files/7adb6e28cd238f1536f6f78d55de3523c9fa49d81eb36ed9f6a920d082e6bd2d [stream]
[debug] [2022-11-05T23:15:57.848Z] [uploadQueue] Retrying task 0f40d89bf4e9b07d4a1cb92dc0e131affb1c05d52f4c3e63f4a00105a811b121
[debug] [2022-11-05T23:15:57.851Z] >>> [apiv2][query] POST https://upload-firebasehosting.googleapis.com/upload/sites/altschool-2nd-semester-exam/versions/3780300cb2f0a79e/files/0f40d89bf4e9b07d4a1cb92dc0e131affb1c05d52f4c3e63f4a00105a811b121 [none]
[debug] [2022-11-05T23:15:57.851Z] >>> [apiv2][body] POST https://upload-firebasehosting.googleapis.com/upload/sites/altschool-2nd-semester-exam/versions/3780300cb2f0a79e/files/0f40d89bf4e9b07d4a1cb92dc0e131affb1c05d52f4c3e63f4a00105a811b121 [stream]
[debug] [2022-11-05T23:16:19.878Z] [uploadQueue] Retrying task 751856bb30eb7ba9433ca3fb2504e63bf91575427e2555c1c2aba8494659ec96
[debug] [2022-11-05T23:16:19.879Z] >>> [apiv2][query] POST https://upload-firebasehosting.googleapis.com/upload/sites/altschool-2nd-semester-exam/versions/3780300cb2f0a79e/files/751856bb30eb7ba9433ca3fb2504e63bf91575427e2555c1c2aba8494659ec96 [none]
[debug] [2022-11-05T23:16:19.879Z] >>> [apiv2][body] POST https://upload-firebasehosting.googleapis.com/upload/sites/altschool-2nd-semester-exam/versions/3780300cb2f0a79e/files/751856bb30eb7ba9433ca3fb2504e63bf91575427e2555c1c2aba8494659ec96 [stream]
[debug] [2022-11-05T23:16:23.171Z] [uploadQueue] Retrying task 1d3ecd6cf893e12ad7ba71675b9633ebbca22400483644bc125bd23d80e3d864
[debug] [2022-11-05T23:16:23.172Z] >>> [apiv2][query] POST https://upload-firebasehosting.googleapis.com/upload/sites/altschool-2nd-semester-exam/versions/3780300cb2f0a79e/files/1d3ecd6cf893e12ad7ba71675b9633ebbca22400483644bc125bd23d80e3d864 [none]
[debug] [2022-11-05T23:16:23.172Z] >>> [apiv2][body] POST https://upload-firebasehosting.googleapis.com/upload/sites/altschool-2nd-semester-exam/versions/3780300cb2f0a79e/files/1d3ecd6cf893e12ad7ba71675b9633ebbca22400483644bc125bd23d80e3d864 [stream]
[debug] [2022-11-05T23:16:29.176Z] [uploadQueue] Retrying task 7adb6e28cd238f1536f6f78d55de3523c9fa49d81eb36ed9f6a920d082e6bd2d
[debug] [2022-11-05T23:16:29.177Z] >>> [apiv2][query] POST https://upload-firebasehosting.googleapis.com/upload/sites/altschool-2nd-semester-exam/versions/3780300cb2f0a79e/files/7adb6e28cd238f1536f6f78d55de3523c9fa49d81eb36ed9f6a920d082e6bd2d [none]
[debug] [2022-11-05T23:16:29.177Z] >>> [apiv2][body] POST https://upload-firebasehosting.googleapis.com/upload/sites/altschool-2nd-semester-exam/versions/3780300cb2f0a79e/files/7adb6e28cd238f1536f6f78d55de3523c9fa49d81eb36ed9f6a920d082e6bd2d [stream]
[debug] [2022-11-05T23:16:36.015Z] [uploadQueue] Retrying task 0f40d89bf4e9b07d4a1cb92dc0e131affb1c05d52f4c3e63f4a00105a811b121
[debug] [2022-11-05T23:16:36.016Z] >>> [apiv2][query] POST https://upload-firebasehosting.googleapis.com/upload/sites/altschool-2nd-semester-exam/versions/3780300cb2f0a79e/files/0f40d89bf4e9b07d4a1cb92dc0e131affb1c05d52f4c3e63f4a00105a811b121 [none]
[debug] [2022-11-05T23:16:36.016Z] >>> [apiv2][body] POST https://upload-firebasehosting.googleapis.com/upload/sites/altschool-2nd-semester-exam/versions/3780300cb2f0a79e/files/0f40d89bf4e9b07d4a1cb92dc0e131affb1c05d52f4c3e63f4a00105a811b121 [stream]
[debug] [2022-11-05T23:16:53.980Z] [uploadQueue] Retrying task 7adb6e28cd238f1536f6f78d55de3523c9fa49d81eb36ed9f6a920d082e6bd2d
[debug] [2022-11-05T23:16:53.982Z] >>> [apiv2][query] POST https://upload-firebasehosting.googleapis.com/upload/sites/altschool-2nd-semester-exam/versions/3780300cb2f0a79e/files/7adb6e28cd238f1536f6f78d55de3523c9fa49d81eb36ed9f6a920d082e6bd2d [none]
[debug] [2022-11-05T23:16:53.982Z] >>> [apiv2][body] POST https://upload-firebasehosting.googleapis.com/upload/sites/altschool-2nd-semester-exam/versions/3780300cb2f0a79e/files/7adb6e28cd238f1536f6f78d55de3523c9fa49d81eb36ed9f6a920d082e6bd2d [stream]
[debug] [2022-11-05T23:16:59.571Z] [uploadQueue] Retrying task 1d3ecd6cf893e12ad7ba71675b9633ebbca22400483644bc125bd23d80e3d864
[debug] [2022-11-05T23:16:59.572Z] >>> [apiv2][query] POST https://upload-firebasehosting.googleapis.com/upload/sites/altschool-2nd-semester-exam/versions/3780300cb2f0a79e/files/1d3ecd6cf893e12ad7ba71675b9633ebbca22400483644bc125bd23d80e3d864 [none]
[debug] [2022-11-05T23:16:59.572Z] >>> [apiv2][body] POST https://upload-firebasehosting.googleapis.com/upload/sites/altschool-2nd-semester-exam/versions/3780300cb2f0a79e/files/1d3ecd6cf893e12ad7ba71675b9633ebbca22400483644bc125bd23d80e3d864 [stream]
[debug] [2022-11-05T23:17:06.240Z] [uploadQueue] Retrying task 751856bb30eb7ba9433ca3fb2504e63bf91575427e2555c1c2aba8494659ec96
[debug] [2022-11-05T23:17:06.242Z] >>> [apiv2][query] POST https://upload-firebasehosting.googleapis.com/upload/sites/altschool-2nd-semester-exam/versions/3780300cb2f0a79e/files/751856bb30eb7ba9433ca3fb2504e63bf91575427e2555c1c2aba8494659ec96 [none]
[debug] [2022-11-05T23:17:06.243Z] >>> [apiv2][body] POST https://upload-firebasehosting.googleapis.com/upload/sites/altschool-2nd-semester-exam/versions/3780300cb2f0a79e/files/751856bb30eb7ba9433ca3fb2504e63bf91575427e2555c1c2aba8494659ec96 [stream]
[debug] [2022-11-05T23:17:17.377Z] [uploadQueue] Retrying task 0f40d89bf4e9b07d4a1cb92dc0e131affb1c05d52f4c3e63f4a00105a811b121
[debug] [2022-11-05T23:17:17.379Z] >>> [apiv2][query] POST https://upload-firebasehosting.googleapis.com/upload/sites/altschool-2nd-semester-exam/versions/3780300cb2f0a79e/files/0f40d89bf4e9b07d4a1cb92dc0e131affb1c05d52f4c3e63f4a00105a811b121 [none]
[debug] [2022-11-05T23:17:17.379Z] >>> [apiv2][body] POST https://upload-firebasehosting.googleapis.com/upload/sites/altschool-2nd-semester-exam/versions/3780300cb2f0a79e/files/0f40d89bf4e9b07d4a1cb92dc0e131affb1c05d52f4c3e63f4a00105a811b121 [stream]
[debug] Task 7adb6e28cd238f1536f6f78d55de3523c9fa49d81eb36ed9f6a920d082e6bd2d failed: retries exhausted after 6 attempts, with error: Timeout reached making request to https://upload-firebasehosting.googleapis.com/upload/sites/altschool-2nd-semester-exam/versions/3780300cb2f0a79e/files/7adb6e28cd238f1536f6f78d55de3523c9fa49d81eb36ed9f6a920d082e6bd2d
[debug] [2022-11-05T23:17:26.665Z] [hosting][upload queue][FINAL] {"max":0,"min":9999999999,"avg":0,"active":3,"complete":1,"success":0,"errored":1,"retried":19,"total":4,"elapsed":182565}
[debug] Task 1d3ecd6cf893e12ad7ba71675b9633ebbca22400483644bc125bd23d80e3d864 failed: retries exhausted after 6 attempts, with error: Timeout reached making request to https://upload-firebasehosting.googleapis.com/upload/sites/altschool-2nd-semester-exam/versions/3780300cb2f0a79e/files/1d3ecd6cf893e12ad7ba71675b9633ebbca22400483644bc125bd23d80e3d864
[debug] [2022-11-05T23:17:31.696Z] Error: Timed out.
    at Timeout._onTimeout (C:\Users\USER\AppData\Roaming\npm\node_modules\firebase-tools\lib\utils.js:253:49)
    at listOnTimeout (node:internal/timers:559:17)
    at processTimers (node:internal/timers:502:7)
[error] 
[error] Error: An unexpected error has occurred.
